<?xml version="1.0" encoding="UTF-8"?>
<!-- Generated by org.testng.reporters.JUnitReportReporter -->
<testsuite hostname="DESKTOP-CBMBFPP" name="org.testing.testscripts.TC6" tests="1" failures="0" timestamp="2 Mar 2022 08:38:29 GMT" time="83.985" errors="0">
  <testcase name="TestCase6" time="83.985" classname="org.testing.testscripts.TC6"/>
</testsuite> <!-- org.testing.testscripts.TC6 -->
