<?xml version="1.0" encoding="UTF-8"?>
<!-- Generated by org.testng.reporters.JUnitReportReporter -->
<testsuite hostname="DESKTOP-CBMBFPP" name="org.testing.testscripts.TC3" tests="1" failures="0" timestamp="2 Mar 2022 08:38:29 GMT" time="57.775" errors="0">
  <testcase name="TestCase3" time="57.775" classname="org.testing.testscripts.TC3"/>
</testsuite> <!-- org.testing.testscripts.TC3 -->
