<?xml version="1.0" encoding="UTF-8"?>
<!-- Generated by org.testng.reporters.JUnitReportReporter -->
<testsuite hostname="DESKTOP-CBMBFPP" name="org.testing.testscripts.TC2" tests="1" failures="0" timestamp="2 Mar 2022 05:40:16 GMT" time="53.147" errors="0">
  <testcase name="Testcase2" time="53.147" classname="org.testing.testscripts.TC2"/>
</testsuite> <!-- org.testing.testscripts.TC2 -->
