<?xml version="1.0" encoding="UTF-8"?>
<!-- Generated by org.testng.reporters.JUnitReportReporter -->
<testsuite hostname="DESKTOP-CBMBFPP" name="org.testing.testscripts.TC1" tests="1" failures="0" timestamp="2 Mar 2022 08:38:29 GMT" time="64.478" errors="0">
  <testcase name="Testcase1" time="64.478" classname="org.testing.testscripts.TC1"/>
</testsuite> <!-- org.testing.testscripts.TC1 -->
