<?xml version="1.0" encoding="UTF-8"?>
<!-- Generated by org.testng.reporters.JUnitReportReporter -->
<testsuite hostname="DESKTOP-CBMBFPP" name="org.testing.testscripts.TC5" tests="1" failures="0" timestamp="11 Feb 2022 19:47:39 GMT" time="61.754" errors="0">
  <testcase name="TestCase5" time="61.754" classname="org.testing.testscripts.TC5"/>
</testsuite> <!-- org.testing.testscripts.TC5 -->
