<?xml version="1.0" encoding="UTF-8"?>
<!-- Generated by org.testng.reporters.JUnitReportReporter -->
<testsuite hostname="DESKTOP-CBMBFPP" name="Datadriven.datadrivenframework" tests="2" failures="0" timestamp="6 Mar 2022 11:48:37 GMT" time="33.632" errors="0">
  <testcase name="test1" time="14.248" classname="Datadriven.datadrivenframework"/>
  <testcase name="test1" time="19.384" classname="Datadriven.datadrivenframework"/>
</testsuite> <!-- Datadriven.datadrivenframework -->
